No.     Time               Source                Destination           Protocol Length Info
     26 22:36:35.848417000 128.119.245.12        192.168.1.102         HTTP     506    HTTP/1.1 200 OK  (text/html)

Frame 26: 506 bytes on wire (4048 bits), 506 bytes captured (4048 bits) on interface 0
Ethernet II, Src: Cisco-Li_b0:1b:eb (00:21:29:b0:1b:eb), Dst: Mediatek_01:3f:a9 (00:0c:e7:01:3f:a9)
Internet Protocol Version 4, Src: 128.119.245.12 (128.119.245.12), Dst: 192.168.1.102 (192.168.1.102)
Transmission Control Protocol, Src Port: 80 (80), Dst Port: 59735 (59735), Seq: 1, Ack: 382, Len: 440
Hypertext Transfer Protocol
    HTTP/1.1 200 OK\r\n
        [Expert Info (Chat/Sequence): HTTP/1.1 200 OK\r\n]
            [HTTP/1.1 200 OK\r\n]
            [Severity level: Chat]
            [Group: Sequence]
        Request Version: HTTP/1.1
        Status Code: 200
        Response Phrase: OK
    Date: Sat, 09 Apr 2016 22:36:35 GMT\r\n
    Server: Apache/2.4.6 (CentOS) OpenSSL/1.0.1e-fips PHP/5.4.16 mod_perl/2.0.9dev Perl/v5.16.3\r\n
    Last-Modified: Sat, 09 Apr 2016 05:59:01 GMT\r\n
    ETag: "51-530070219d7eb"\r\n
    Accept-Ranges: bytes\r\n
    Content-Length: 81\r\n
    Keep-Alive: timeout=5, max=100\r\n
    Connection: Keep-Alive\r\n
    Content-Type: text/html; charset=UTF-8\r\n
    \r\n
    [HTTP response 1/2]
    [Time since request: 0.114777000 seconds]
    [Request in frame: 24]
    [Next request in frame: 28]
    [Next response in frame: 29]
Line-based text data: text/html
